extensions/vp9/buildout/outputs/logs/manifest-merger-debug-report.txt
-- Merging decision tree log ---
manifest
ADDED from src/main/AndroidManifest.xml:17:1-23:12
INJECTED from src/main/AndroidManifest.xml:17:1-23:12
INJECTED from src/main/AndroidManifest.xml:17:1-23:12
	package
		ADDED from src/main/AndroidManifest.xml:18:5-52
		INJECTED from src/main/AndroidManifest.xml
		INJECTED from src/main/AndroidManifest.xml
	xmlns:android
		ADDED from src/main/AndroidManifest.xml:17:11-69
uses-sdk
ADDED from src/main/AndroidManifest.xml:20:3-15
INJECTED from src/main/AndroidManifest.xml:20:3-15
INJECTED from src/main/AndroidManifest.xml:20:3-15
INJECTED from src/main/AndroidManifest.xml:20:3-15
INJECTED from src/main/AndroidManifest.xml:20:3-15
	android:targetSdkVersion
		INJECTED from src/main/AndroidManifest.xml
		ADDED from src/main/AndroidManifest.xml:20:3-15
		INJECTED from src/main/AndroidManifest.xml
	android:minSdkVersion
		INJECTED from src/main/AndroidManifest.xml
		ADDED from src/main/AndroidManifest.xml:20:3-15
		INJECTED from src/main/AndroidManifest.xml
uses-feature#0x00020000
ADDED from src/main/AndroidManifest.xml:21:3-51
	android:glEsVersion
		ADDED from src/main/AndroidManifest.xml:21:17-49